<?xml version="1.0" encoding="UTF-8"?>
<!-- Generated by org.testng.reporters.JUnitReportReporter -->
<testsuite skipped="0" hostname="MBPM4236" name="com.selenium.tests.AddToCartTest" tests="1" failures="0" timestamp="05 Dec 2018 05:08:03 GMT" time="5.833" errors="0">
  <testcase name="addToCart" time="5.833" classname="com.selenium.tests.AddToCartTest"/>
</testsuite> <!-- com.selenium.tests.AddToCartTest -->
