<?xml version="1.0" encoding="UTF-8"?>
<!-- Generated by org.testng.reporters.JUnitReportReporter -->
<testsuite skipped="0" hostname="MBPM4236" name="com.selenium.tests.AddToCartSimplified" tests="1" failures="0" timestamp="05 Dec 2018 05:08:43 GMT" time="9.748" errors="0">
  <testcase name="addToCart" time="9.748" classname="com.selenium.tests.AddToCartSimplified"/>
</testsuite> <!-- com.selenium.tests.AddToCartSimplified -->
